# JRE version: Java(TM) SE Runtime Environment 18.9 (11.0.12+8) (build 11.0.12+8-LTS-237)
# Java VM: Java HotSpot(TM) 64-Bit Server VM 18.9 (11.0.12+8-LTS-237, mixed mode, tiered, compressed oops, g1 gc, windows-amd64)
Heap:
 garbage-first heap   total 260096K, used 50531K [0x0000000703400000, 0x0000000800000000)
  region size 1024K, 47 young (48128K), 4 survivors (4096K)
 Metaspace       used 32795K, capacity 33811K, committed 33920K, reserved 1079296K
  class space    used 3777K, capacity 4170K, committed 4224K, reserved 1048576K
GC Heap History (6 events):
Event: 1.097 GC heap before
{Heap before GC invocations=0 (full 0):
 garbage-first heap   total 260096K, used 23552K [0x0000000703400000, 0x0000000800000000)
  region size 1024K, 24 young (24576K), 0 survivors (0K)
 Metaspace       used 12098K, capacity 12394K, committed 12544K, reserved 1060864K
  class space    used 1171K, capacity 1264K, committed 1280K, reserved 1048576K
}
Event: 1.102 GC heap after
{Heap after GC invocations=1 (full 0):
 garbage-first heap   total 260096K, used 4040K [0x0000000703400000, 0x0000000800000000)
  region size 1024K, 3 young (3072K), 3 survivors (3072K)
 Metaspace       used 12098K, capacity 12394K, committed 12544K, reserved 1060864K
  class space    used 1171K, capacity 1264K, committed 1280K, reserved 1048576K
}
Event: 2.035 GC heap before
{Heap before GC invocations=1 (full 0):
 garbage-first heap   total 260096K, used 40904K [0x0000000703400000, 0x0000000800000000)
  region size 1024K, 40 young (40960K), 3 survivors (3072K)
 Metaspace       used 20640K, capacity 21179K, committed 21296K, reserved 1069056K
  class space    used 2229K, capacity 2421K, committed 2432K, reserved 1048576K
}
Event: 2.043 GC heap after
{Heap after GC invocations=2 (full 0):
 garbage-first heap   total 260096K, used 6087K [0x0000000703400000, 0x0000000800000000)
  region size 1024K, 5 young (5120K), 5 survivors (5120K)
 Metaspace       used 20640K, capacity 21179K, committed 21296K, reserved 1069056K
  class space    used 2229K, capacity 2421K, committed 2432K, reserved 1048576K
}
Event: 2.869 GC heap before
{Heap before GC invocations=3 (full 0):
 garbage-first heap   total 260096K, used 46023K [0x0000000703400000, 0x0000000800000000)
  region size 1024K, 45 young (46080K), 5 survivors (5120K)
 Metaspace       used 25983K, capacity 26679K, committed 26752K, reserved 1073152K
  class space    used 2909K, capacity 3183K, committed 3200K, reserved 1048576K
}
Event: 2.878 GC heap after
{Heap after GC invocations=4 (full 0):
 garbage-first heap   total 260096K, used 7523K [0x0000000703400000, 0x0000000800000000)
  region size 1024K, 4 young (4096K), 4 survivors (4096K)
 Metaspace       used 25983K, capacity 26679K, committed 26752K, reserved 1073152K
  class space    used 2909K, capacity 3183K, committed 3200K, reserved 1048576K
}

